app/build/intermediates/manifest_merge_blame_file/debug/manifest-merger-blame-debug-report.txt
1<?xml version="1.0" encoding="utf-8"?>
2<manifest xmlns:android="http://schemas.android.com/apk/res/android"
3    package="com.example.geofencing"
4    android:versionCode="1"
5    android:versionName="1.0" >
6
7    <uses-sdk
8        android:minSdkVersion="24"
8-->src\main\AndroidManifest.xml
9        android:targetSdkVersion="33" />
9-->src\main\AndroidManifest.xml
10
11    <uses-feature
11-->src\main\AndroidManifest.xml:5:5-89
12        android:name="android.hardware.location.gps"
12-->src\main\AndroidManifest.xml:5:19-63
13        android:required="true" />
13-->src\main\AndroidManifest.xml:5:64-87
14
15    <uses-permission android:name="android.permission.ACCESS_FINE_LOCATION" />
15-->src\main\AndroidManifest.xml:7:5-79
15-->src\main\AndroidManifest.xml:7:22-76
16    <uses-permission android:name="android.permission.ACCESS_COARSE_LOCATION" />
16-->src\main\AndroidManifest.xml:8:5-81
16-->src\main\AndroidManifest.xml:8:22-78
17    <uses-permission android:name="android.permission.ACCESS_BACKGROUND_LOCATION" />
17-->src\main\AndroidManifest.xml:9:5-85
17-->src\main\AndroidManifest.xml:9:22-82
18    <uses-permission android:name="android.permission.POST_NOTIFICATIONS" />
18-->src\main\AndroidManifest.xml:10:5-77
18-->src\main\AndroidManifest.xml:10:22-74
19    <uses-permission android:name="android.permission.ACCESS_WIFI_STATE" />
19-->[com.google.android.libraries.places:places:3.1.0] AndroidManifest.xml:11:5-76
19-->[com.google.android.libraries.places:places:3.1.0] AndroidManifest.xml:11:22-73
20    <uses-permission android:name="android.permission.INTERNET" /> <!-- Include required permissions for Google Maps API to run. -->
20-->[com.google.android.libraries.places:places:3.1.0] AndroidManifest.xml:12:5-67
20-->[com.google.android.libraries.places:places:3.1.0] AndroidManifest.xml:12:22-64
21    <uses-permission android:name="android.permission.ACCESS_NETWORK_STATE" />
21-->[com.google.android.gms:play-services-maps:18.0.2] AndroidManifest.xml:23:5-79
21-->[com.google.android.gms:play-services-maps:18.0.2] AndroidManifest.xml:23:22-76
22
23    <uses-feature
23-->[com.google.android.gms:play-services-maps:18.0.2] AndroidManifest.xml:26:5-28:35
24        android:glEsVersion="0x00020000"
24-->[com.google.android.gms:play-services-maps:18.0.2] AndroidManifest.xml:27:9-41
25        android:required="true" />
25-->[com.google.android.gms:play-services-maps:18.0.2] AndroidManifest.xml:28:9-32
26
27    <queries>
27-->[com.google.android.gms:play-services-maps:18.0.2] AndroidManifest.xml:30:5-34:15
28
29        <!-- Needs to be explicitly declared on Android R+ -->
30        <package android:name="com.google.android.apps.maps" />
30-->[com.google.android.gms:play-services-maps:18.0.2] AndroidManifest.xml:33:9-64
30-->[com.google.android.gms:play-services-maps:18.0.2] AndroidManifest.xml:33:18-61
31    </queries>
32
33    <permission
33-->[androidx.core:core:1.9.0] AndroidManifest.xml:22:5-24:47
34        android:name="com.example.geofencing.DYNAMIC_RECEIVER_NOT_EXPORTED_PERMISSION"
34-->[androidx.core:core:1.9.0] AndroidManifest.xml:23:9-81
35        android:protectionLevel="signature" />
35-->[androidx.core:core:1.9.0] AndroidManifest.xml:24:9-44
36
37    <uses-permission android:name="com.example.geofencing.DYNAMIC_RECEIVER_NOT_EXPORTED_PERMISSION" />
37-->[androidx.core:core:1.9.0] AndroidManifest.xml:26:5-97
37-->[androidx.core:core:1.9.0] AndroidManifest.xml:26:22-94
38
39    <application
39-->src\main\AndroidManifest.xml:12:5-47:19
40        android:name="com.example.geofencing.GeofenceApp"
40-->src\main\AndroidManifest.xml:13:9-36
41        android:allowBackup="true"
41-->src\main\AndroidManifest.xml:14:9-35
42        android:appComponentFactory="androidx.core.app.CoreComponentFactory"
42-->[androidx.core:core:1.9.0] AndroidManifest.xml:28:18-86
43        android:dataExtractionRules="@xml/data_extraction_rules"
43-->src\main\AndroidManifest.xml:15:9-65
44        android:debuggable="true"
45        android:extractNativeLibs="false"
46        android:fullBackupContent="@xml/backup_rules"
46-->src\main\AndroidManifest.xml:16:9-54
47        android:icon="@mipmap/ic_launcher"
47-->src\main\AndroidManifest.xml:17:9-43
48        android:label="@string/app_name"
48-->src\main\AndroidManifest.xml:18:9-41
49        android:supportsRtl="true"
49-->src\main\AndroidManifest.xml:19:9-35
50        android:testOnly="true"
51        android:theme="@style/Theme.Geofencing" >
51-->src\main\AndroidManifest.xml:20:9-48
52        <receiver
52-->src\main\AndroidManifest.xml:24:9-27:39
53            android:name="com.example.geofencing.model.GeofenceReceiver"
53-->src\main\AndroidManifest.xml:25:13-51
54            android:enabled="true"
54-->src\main\AndroidManifest.xml:26:13-35
55            android:exported="true" />
55-->src\main\AndroidManifest.xml:27:13-36
56
57        <meta-data
58            android:name="com.google.android.geo.API_KEY"
58-->src\main\AndroidManifest.xml:30:13-58
59            android:value="AIzaSyBEyQOfOPot0fWGRekwUwhqGe8FxsdST_U" />
59-->src\main\AndroidManifest.xml:31:13-44
60        <meta-data
60-->src\main\AndroidManifest.xml:32:9-34:69
61            android:name="com.google.android.gms.version"
61-->src\main\AndroidManifest.xml:33:13-58
62            android:value="@integer/google_play_services_version" />
62-->src\main\AndroidManifest.xml:34:13-66
63
64        <activity
64-->src\main\AndroidManifest.xml:35:9-37:40
65            android:name="com.example.geofencing.ui.MapActivity"
65-->src\main\AndroidManifest.xml:36:13-43
66            android:exported="false" />
66-->src\main\AndroidManifest.xml:37:13-37
67        <activity
67-->src\main\AndroidManifest.xml:38:9-46:20
68            android:name="com.example.geofencing.MainActivity"
68-->src\main\AndroidManifest.xml:39:13-41
69            android:exported="true" >
69-->src\main\AndroidManifest.xml:40:13-36
70            <intent-filter>
70-->src\main\AndroidManifest.xml:41:13-45:29
71                <action android:name="android.intent.action.MAIN" />
71-->src\main\AndroidManifest.xml:42:17-69
71-->src\main\AndroidManifest.xml:42:25-66
72
73                <category android:name="android.intent.category.LAUNCHER" />
73-->src\main\AndroidManifest.xml:44:17-77
73-->src\main\AndroidManifest.xml:44:27-74
74            </intent-filter>
75        </activity>
76        <activity
76-->[com.google.android.libraries.places:places:3.1.0] AndroidManifest.xml:15:9-21:20
77            android:name="com.google.android.libraries.places.widget.AutocompleteActivity"
77-->[com.google.android.libraries.places:places:3.1.0] AndroidManifest.xml:16:13-91
78            android:exported="false"
78-->[com.google.android.libraries.places:places:3.1.0] AndroidManifest.xml:17:13-37
79            android:label="@string/places_autocomplete_label"
79-->[com.google.android.libraries.places:places:3.1.0] AndroidManifest.xml:18:13-62
80            android:theme="@style/PlacesAutocompleteOverlay"
80-->[com.google.android.libraries.places:places:3.1.0] AndroidManifest.xml:19:13-61
81            android:windowSoftInputMode="adjustResize" >
81-->[com.google.android.libraries.places:places:3.1.0] AndroidManifest.xml:20:13-55
82        </activity> <!-- Needs to be explicitly declared on P+ -->
83        <uses-library
83-->[com.google.android.gms:play-services-maps:18.0.2] AndroidManifest.xml:39:9-41:40
84            android:name="org.apache.http.legacy"
84-->[com.google.android.gms:play-services-maps:18.0.2] AndroidManifest.xml:40:13-50
85            android:required="false" />
85-->[com.google.android.gms:play-services-maps:18.0.2] AndroidManifest.xml:41:13-37
86
87        <activity
87-->[com.google.android.gms:play-services-base:18.0.1] AndroidManifest.xml:20:9-22:45
88            android:name="com.google.android.gms.common.api.GoogleApiActivity"
88-->[com.google.android.gms:play-services-base:18.0.1] AndroidManifest.xml:20:19-85
89            android:exported="false"
89-->[com.google.android.gms:play-services-base:18.0.1] AndroidManifest.xml:22:19-43
90            android:theme="@android:style/Theme.Translucent.NoTitleBar" />
90-->[com.google.android.gms:play-services-base:18.0.1] AndroidManifest.xml:21:19-78
91
92        <provider
92-->[androidx.emoji2:emoji2:1.2.0] AndroidManifest.xml:24:9-32:20
93            android:name="androidx.startup.InitializationProvider"
93-->[androidx.emoji2:emoji2:1.2.0] AndroidManifest.xml:25:13-67
94            android:authorities="com.example.geofencing.androidx-startup"
94-->[androidx.emoji2:emoji2:1.2.0] AndroidManifest.xml:26:13-68
95            android:exported="false" >
95-->[androidx.emoji2:emoji2:1.2.0] AndroidManifest.xml:27:13-37
96            <meta-data
96-->[androidx.emoji2:emoji2:1.2.0] AndroidManifest.xml:29:13-31:52
97                android:name="androidx.emoji2.text.EmojiCompatInitializer"
97-->[androidx.emoji2:emoji2:1.2.0] AndroidManifest.xml:30:17-75
98                android:value="androidx.startup" />
98-->[androidx.emoji2:emoji2:1.2.0] AndroidManifest.xml:31:17-49
99            <meta-data
99-->[androidx.lifecycle:lifecycle-process:2.4.1] AndroidManifest.xml:31:13-33:52
100                android:name="androidx.lifecycle.ProcessLifecycleInitializer"
100-->[androidx.lifecycle:lifecycle-process:2.4.1] AndroidManifest.xml:32:17-78
101                android:value="androidx.startup" />
101-->[androidx.lifecycle:lifecycle-process:2.4.1] AndroidManifest.xml:33:17-49
102        </provider>
103
104        <service
104-->[androidx.room:room-runtime:2.4.3] AndroidManifest.xml:25:9-28:40
105            android:name="androidx.room.MultiInstanceInvalidationService"
105-->[androidx.room:room-runtime:2.4.3] AndroidManifest.xml:26:13-74
106            android:directBootAware="true"
106-->[androidx.room:room-runtime:2.4.3] AndroidManifest.xml:27:13-43
107            android:exported="false" />
107-->[androidx.room:room-runtime:2.4.3] AndroidManifest.xml:28:13-37
108        <service
108-->[com.google.android.datatransport:transport-backend-cct:2.3.0] AndroidManifest.xml:29:9-35:19
109            android:name="com.google.android.datatransport.runtime.backends.TransportBackendDiscovery"
109-->[com.google.android.datatransport:transport-backend-cct:2.3.0] AndroidManifest.xml:30:13-103
110            android:exported="false" >
110-->[com.google.android.datatransport:transport-backend-cct:2.3.0] AndroidManifest.xml:31:13-37
111            <meta-data
111-->[com.google.android.datatransport:transport-backend-cct:2.3.0] AndroidManifest.xml:32:13-34:39
112                android:name="backend:com.google.android.datatransport.cct.CctBackendFactory"
112-->[com.google.android.datatransport:transport-backend-cct:2.3.0] AndroidManifest.xml:33:17-94
113                android:value="cct" />
113-->[com.google.android.datatransport:transport-backend-cct:2.3.0] AndroidManifest.xml:34:17-36
114        </service>
115        <service
115-->[com.google.android.datatransport:transport-runtime:2.2.3] AndroidManifest.xml:26:9-30:19
116            android:name="com.google.android.datatransport.runtime.scheduling.jobscheduling.JobInfoSchedulerService"
116-->[com.google.android.datatransport:transport-runtime:2.2.3] AndroidManifest.xml:27:13-117
117            android:exported="false"
117-->[com.google.android.datatransport:transport-runtime:2.2.3] AndroidManifest.xml:28:13-37
118            android:permission="android.permission.BIND_JOB_SERVICE" >
118-->[com.google.android.datatransport:transport-runtime:2.2.3] AndroidManifest.xml:29:13-69
119        </service>
120
121        <receiver
121-->[com.google.android.datatransport:transport-runtime:2.2.3] AndroidManifest.xml:32:9-34:40
122            android:name="com.google.android.datatransport.runtime.scheduling.jobscheduling.AlarmManagerSchedulerBroadcastReceiver"
122-->[com.google.android.datatransport:transport-runtime:2.2.3] AndroidManifest.xml:33:13-132
123            android:exported="false" />
123-->[com.google.android.datatransport:transport-runtime:2.2.3] AndroidManifest.xml:34:13-37
124    </application>
125
126</manifest>